/usr/local/lib/python2.7/dist-packages/quast-4.3-py2.7.egg/EGG-INFO/scripts/quast.py -R /bistro/data/0bc978e14865a34db5d9a4ec9786bd14 --labels spades_assembly --output-dir /bistro/dest/results /bistro/data/d21bc52f1e3133357a097ba2adc3cdc0

Version: 4.3

System information:
  OS: Linux-3.19.0-80-generic-x86_64-with-debian-stretch-sid (linux_64)
  Python version: 2.7.12
  CPUs number: 2

Started: 2017-12-05 14:25:37

Logging to /bistro/dest/results/quast.log
NOTICE: Maximum number of threads is set to 1 (use --threads option to set it manually)

CWD: /
Main parameters: 
  Threads: 1, minimum contig length: 500, ambiguity: one, threshold for extensive misassembly size: 1000

Reference:
  /bistro/data/0bc978e14865a34db5d9a4ec9786bd14 ==> 0bc978e14865a34db5d9a4ec9786bd14

Contigs:
  Pre-processing...
  /bistro/data/d21bc52f1e3133357a097ba2adc3cdc0 ==> spades_assembly

2017-12-05 14:25:42
Running Basic statistics processor...
  Reference genome:
    0bc978e14865a34db5d9a4ec9786bd14, Reference length = 4641652, Reference GC % = 50.79
  Contig files: 
    spades_assembly
  Calculating N50 and L50...
    spades_assembly, N50 = 126004, L50 = 12, Total length = 4561906, GC % = 50.75, # N's per 100 kbp =  0.00
  Drawing Nx plot...
    saved to /bistro/dest/results/basic_stats/Nx_plot.pdf
  Drawing NGx plot...
    saved to /bistro/dest/results/basic_stats/NGx_plot.pdf
  Drawing cumulative plot...
    saved to /bistro/dest/results/basic_stats/cumulative_plot.pdf
  Drawing GC content plot...
    saved to /bistro/dest/results/basic_stats/GC_content_plot.pdf
  Drawing Coverage histogram (bin size: 1x)...
    saved to /bistro/dest/results/basic_stats/coverage_histogram.pdf
  Drawing spades_assembly coverage histogram (bin size: 1x)...
    saved to /bistro/dest/results/basic_stats/spades_assembly_coverage_histogram.pdf
Done.

2017-12-05 14:25:46
Running Contig analyzer...
NOTICE: Previous try of E-MEM compilation was unsuccessful! For forced retrying, please remove /usr/local/lib/python2.7/dist-packages/quast-4.3-py2.7.egg/quast_libs/E-MEM-linux/make.failed and restart QUAST.
  spades_assembly
  Logging to files /bistro/dest/results/contigs_reports/contigs_report_spades_assembly.stdout and contigs_report_spades_assembly.stderr...
  Aligning contigs to the reference
  ../usr/local/lib/python2.7/dist-packages/quast-4.3-py2.7.egg/quast_libs/MUMmer3.23-linux/nucmer \
  -c 65 -l 65 --maxmatch -p ../bistro/dest/results/contigs_reports/nucmer_output/spades_assembly \
  ../bistro/dest/results/quast_corrected_input/0bc978e14865a34db5d9a4ec9786bd14 ../bistro/dest/results/quast_corrected_input/spades_assembly \
  >> ../bistro/dest/results/contigs_reports/contigs_report_spades_assembly.stdout \
  2>> ../bistro/dest/results/contigs_reports/contigs_report_spades_assembly.stderr
  ../usr/local/lib/python2.7/dist-packages/quast-4.3-py2.7.egg/quast_libs/MUMmer3.23-linux/delta-filter \
  -i 95.0 -l 0 ../bistro/dest/results/contigs_reports/nucmer_output/spades_assembly.delta \
  > ../bistro/dest/results/contigs_reports/nucmer_output/spades_assembly.fdelta 2> \
  ../bistro/dest/results/contigs_reports/contigs_report_spades_assembly.stderr
  ../usr/local/lib/python2.7/dist-packages/quast-4.3-py2.7.egg/quast_libs/MUMmer3.23-linux/show-coords \
  ../bistro/dest/results/contigs_reports/nucmer_output/spades_assembly.delta > ../bistro/dest/results/contigs_reports/nucmer_output/spades_assembly.coords_tmp \
  2> ../bistro/dest/results/contigs_reports/contigs_report_spades_assembly.stderr
  ../usr/local/lib/python2.7/dist-packages/quast-4.3-py2.7.egg/quast_libs/MUMmer3.23-linux/show-snps \
  -S -T -H ../bistro/dest/results/contigs_reports/nucmer_output/spades_assembly.delta \
  < ../bistro/dest/results/contigs_reports/nucmer_output/spades_assembly.coords.headless \
  > ../bistro/dest/results/contigs_reports/nucmer_output/spades_assembly.all_snps \
  2> ../bistro/dest/results/contigs_reports/contigs_report_spades_assembly.stderr
  Alignments: ../bistro/dest/results/contigs_reports/alignments_spades_assembly.tsv
  Analysis is finished.

  Gzipping /bistro/dest/results/contigs_reports/nucmer_output/spades_assembly.all_snps to reduce disk space usage...
    saved to /bistro/dest/results/contigs_reports/nucmer_output/spades_assembly.all_snps.gz
  Creating total report...
    saved to /bistro/dest/results/contigs_reports/misassemblies_report.txt, misassemblies_report.tsv, and misassemblies_report.tex
  Transposed version of total report...
    saved to /bistro/dest/results/contigs_reports/transposed_report_misassemblies.txt, transposed_report_misassemblies.tsv, and transposed_report_misassemblies.tex
  Creating total report...
    saved to /bistro/dest/results/contigs_reports/unaligned_report.txt, unaligned_report.tsv, and unaligned_report.tex
  Drawing misassemblies by types plot...
    saved to /bistro/dest/results/contigs_reports/misassemblies_plot.pdf
Done.

2017-12-05 14:26:01
Running NA-NGA calculation...
  spades_assembly, Largest alignment = 282562, NA50 = 112394, NGA50 = 112394, LA50 = 14, LGA50 = 14
  Drawing cumulative plot...
    saved to /bistro/dest/results/aligned_stats/cumulative_plot.pdf
  Drawing NAx plot...
    saved to /bistro/dest/results/aligned_stats/NAx_plot.pdf
  Drawing NGAx plot...
    saved to /bistro/dest/results/aligned_stats/NGAx_plot.pdf
Done.

2017-12-05 14:26:02
Running Genome analyzer...
  NOTICE: No file with genes provided. Use the -G option if you want to specify it.
  NOTICE: No file with operons provided. Use the -O option if you want to specify it.
  spades_assembly
  Analysis is finished.
  Skipping drawing Genome fraction, % histogram... (less than 2 columns histogram makes no sense)
Done.

NOTICE: Genes are not predicted by default. Use --gene-finding option to enable it.

2017-12-05 14:26:05
Creating large visual summaries...
This may take a while: press Ctrl-C to skip this step..
  1 of 2: Creating Icarus viewers...
  2 of 2: Creating PDF with all tables and plots...
Done

2017-12-05 14:26:07
RESULTS:
  Text versions of total report are saved to /bistro/dest/results/report.txt, report.tsv, and report.tex
  Text versions of transposed total report are saved to /bistro/dest/results/transposed_report.txt, transposed_report.tsv, and transposed_report.tex
  HTML version (interactive tables and plots) saved to /bistro/dest/results/report.html
  PDF version (tables and plots) is saved to /bistro/dest/results/report.pdf
  Icarus (contig browser) is saved to /bistro/dest/results/icarus.html
  Log saved to /bistro/dest/results/quast.log

Finished: 2017-12-05 14:26:07
Elapsed time: 0:00:30.105461
NOTICEs: 5; WARNINGs: 0; non-fatal ERRORs: 0

Thank you for using QUAST!
